<?xml version="1.0" encoding="UTF-8"?>
<!-- Generated by org.testng.reporters.JUnitReportReporter -->
<testsuite skipped="0" hostname="LENOVO" name="com.qa.cbol.tests.Test001" tests="1" failures="0" timestamp="07 Aug 2019 17:54:50 GMT" time="29.510" errors="0">
  <testcase name="TestCase001" time="29.510" classname="com.qa.cbol.tests.Test001"/>
</testsuite> <!-- com.qa.cbol.tests.Test001 -->
